2024-09-21 06:15:45,861 - main - INFO - CSV file initialized successfully.
2024-09-21 06:15:45,872 - main - INFO - Faces found in image: 2
2024-09-21 06:16:31,714 - main - INFO - Logged emotion for Face ID 1 at 2024-09-21 06:15:45: neutral
2024-09-21 06:16:31,714 - main - INFO - Face ID 1 detected emotion: neutral at 2024-09-21 06:15:45
2024-09-21 06:16:31,969 - main - INFO - Logged emotion for Face ID 2 at 2024-09-21 06:15:45: happy
2024-09-21 06:16:31,969 - main - INFO - Face ID 2 detected emotion: happy at 2024-09-21 06:15:45
2024-09-21 06:16:31,979 - main - INFO - Faces found in image: 2
2024-09-21 06:16:32,260 - main - INFO - Logged emotion for Face ID 1 at 2024-09-21 06:16:31: neutral
2024-09-21 06:16:32,260 - main - INFO - Face ID 1 detected emotion: neutral at 2024-09-21 06:16:31
2024-09-21 06:16:32,543 - main - INFO - Logged emotion for Face ID 2 at 2024-09-21 06:16:31: happy
2024-09-21 06:16:32,543 - main - INFO - Face ID 2 detected emotion: happy at 2024-09-21 06:16:31
2024-09-21 06:17:54,651 - main - INFO - Faces found in image: 2
2024-09-21 06:17:54,904 - main - INFO - Logged emotion for Face ID 1 at 2024-09-21 06:17:54: neutral
2024-09-21 06:17:54,904 - main - INFO - Face ID 1 detected emotion: neutral at 2024-09-21 06:17:54
2024-09-21 06:17:55,138 - main - INFO - Logged emotion for Face ID 2 at 2024-09-21 06:17:54: happy
2024-09-21 06:17:55,138 - main - INFO - Face ID 2 detected emotion: happy at 2024-09-21 06:17:54
2024-09-21 06:18:11,337 - main - INFO - Faces found in image: 2
2024-09-21 06:18:11,659 - main - INFO - Logged emotion for Face ID 1 at 2024-09-21 06:18:11: neutral
2024-09-21 06:18:11,659 - main - INFO - Face ID 1 detected emotion: neutral at 2024-09-21 06:18:11
2024-09-21 06:18:11,918 - main - INFO - Logged emotion for Face ID 2 at 2024-09-21 06:18:11: happy
2024-09-21 06:18:11,918 - main - INFO - Face ID 2 detected emotion: happy at 2024-09-21 06:18:11
2024-09-21 06:18:14,741 - main - INFO - Faces found in image: 0
2024-09-21 06:18:14,742 - main - INFO - Inserted face data for Face ID 1 into CSV file.
2024-09-21 06:18:14,742 - main - INFO - Logged data for Face ID 1 and removed from tracking.
2024-09-21 06:18:14,742 - main - INFO - Inserted face data for Face ID 2 into CSV file.
2024-09-21 06:18:14,742 - main - INFO - Logged data for Face ID 2 and removed from tracking.
2024-09-21 06:18:41,824 - main - INFO - Faces found in image: 0
2024-09-21 06:18:44,592 - main - INFO - Faces found in image: 2
2024-09-21 06:18:44,845 - main - INFO - Logged emotion for Face ID 1 at 2024-09-21 06:18:44: neutral
2024-09-21 06:18:44,846 - main - INFO - Face ID 1 detected emotion: neutral at 2024-09-21 06:18:44
2024-09-21 06:18:45,095 - main - INFO - Logged emotion for Face ID 2 at 2024-09-21 06:18:44: happy
2024-09-21 06:18:45,095 - main - INFO - Face ID 2 detected emotion: happy at 2024-09-21 06:18:44
2024-09-21 06:18:49,157 - main - INFO - Faces found in image: 0
2024-09-21 06:18:49,157 - main - INFO - Inserted face data for Face ID 1 into CSV file.
2024-09-21 06:18:49,157 - main - INFO - Logged data for Face ID 1 and removed from tracking.
2024-09-21 06:18:49,158 - main - INFO - Inserted face data for Face ID 2 into CSV file.
2024-09-21 06:18:49,158 - main - INFO - Logged data for Face ID 2 and removed from tracking.
